==============================================================================
Receipt Management :: Receipt Management Test Suite                           
==============================================================================
TC001_Complete_Receipt_Generation_Workflow :: Test complete receip...   
  Traceback (most recent call last):
    ~~~~~~~~~~~~~~~~~~~~~~~~~~~~~~~~~~~~~~~~~~~~~~~~~~~~~~~~~~~~~~~~~~~~~~~~~~
    File  D:\New_automation_\kfic-automation-framework\tests\lms\receipt_management.robot:10
    T:  TC001_Complete_Receipt_Generation_Workflow    
    ~~~~~~~~~~~~~~~~~~~~~~~~~~~~~~~~~~~~~~~~~~~~~~~~~~~~~~~~~~~~~~~~~~~~~~~~~~
    File  D:\New_automation_\kfic-automation-framework\tests\lms\receipt_management.robot:16
      Complete Receipt Generation Workflow    ${receipt_info}    ${users_data}
      |  ${receipt_info} = <Unable to define variable value>
      |  ${users_data} = <Unable to define variable value>
    ~~~~~~~~~~~~~~~~~~~~~~~~~~~~~~~~~~~~~~~~~~~~~~~~~~~~~~~~~~~~~~~~~~~~~~~~~~
    File  D:\New_automation_\kfic-automation-framework\keywords\receipt_workflow.robot:15
      Navigate To Receipt Generation    
    ~~~~~~~~~~~~~~~~~~~~~~~~~~~~~~~~~~~~~~~~~~~~~~~~~~~~~~~~~~~~~~~~~~~~~~~~~~
    File  D:\New_automation_\kfic-automation-framework\pages\receipt_management_page.robot:27
      Wait For Element And Click    ${MENU_BUTTON}
      |  ${MENU_BUTTON} = xpath=//a[@data-original-title="Menu"] (str)
    ~~~~~~~~~~~~~~~~~~~~~~~~~~~~~~~~~~~~~~~~~~~~~~~~~~~~~~~~~~~~~~~~~~~~~~~~~~
    File  D:\New_automation_\kfic-automation-framework\pages\base_page.robot:82
      Run Keyword Unless    ${success}    Fail    Failed to click element ${locator} after ${retry_count} attempts
      |  ${success} = False (bool)
      |  Failed to click element ${locator} after ${retry_count} attempts = Failed to click element xpath=//a[@data-original-title="Menu"] after 3 attempts (str)
    ~~~~~~~~~~~~~~~~~~~~~~~~~~~~~~~~~~~~~~~~~~~~~~~~~~~~~~~~~~~~~~~~~~~~~~~~~~
    File  D:\New_automation_\kfic-automation-framework\pages\base_page.robot:82
      Fail    Failed to click element ${locator} after ${retry_count} attempts
      |  Failed to click element ${locator} after ${retry_count} attempts = Failed to click element xpath=//a[@data-original-title="Menu"] after 3 attempts (str)
______________________________________________________________________________
| FAIL |
Failed to click element xpath=//a[@data-original-title="Menu"] after 3 attempts
------------------------------------------------------------------------------
Receipt Management :: Receipt Management Test Suite                   | FAIL |
1 test, 0 passed, 1 failed
==============================================================================
Output:  D:\New_automation_\kfic-automation-framework\results\run_20260220_153357\pabot_results\0\output-20260220-153358.xml
