==============================================================================
Lead Api Tests :: API Test Suite for KFIC LOS/LMS                             
==============================================================================
TC002_Create New Lead :: Test POST create new lead API                  
  Traceback (most recent call last):
    ~~~~~~~~~~~~~~~~~~~~~~~~~~~~~~~~~~~~~~~~~~~~~~~~~~~~~~~~~~~~~~~~~~~~~~~~~~
    File  D:\New_automation_\kfic-automation-framework\tests\api\lead_api_tests.robot:25
    T:  TC002_Create New Lead    
    ~~~~~~~~~~~~~~~~~~~~~~~~~~~~~~~~~~~~~~~~~~~~~~~~~~~~~~~~~~~~~~~~~~~~~~~~~~
    File  D:\New_automation_\kfic-automation-framework\tests\api\lead_api_tests.robot:35
      POST On Session    kfic_api    ${API_ENDPOINT}    json=${lead_data}    headers=${headers}
      |  ${API_ENDPOINT} = /leads (str)
      |  json=${lead_data} = json={'applicantType': 'Individual', 'firstName': 'John', 'lastName': 'Doe', 'email': 'john.doe@test.com', 'phone': '+96512345678'} (str)
      |  headers=${headers} = headers={'Authorization': 'Bearer eyJ0eXAiOiJKV1QiLCJhbGciOiJIUzI1NiJ9', 'Content-Type': 'application/json'} (str)
______________________________________________________________________________
| FAIL |
ConnectionError: HTTPConnectionPool(host='172.21.0.123', port=8080): Max retries exceeded with url: /api/v1/leads (Caused by NewConnectionError('<urllib3.connection.HTTPConnection object at 0x000001F5C871DA70>: Failed to establish a new connection: [WinError 10061] No connection could be made because the target machine actively refused it'))
------------------------------------------------------------------------------
Lead Api Tests :: API Test Suite for KFIC LOS/LMS                     | FAIL |
1 test, 0 passed, 1 failed
==============================================================================
Output:  D:\New_automation_\kfic-automation-framework\results\run_20260220_153332\pabot_results\1\output-20260220-153334.xml
