==============================================================================
Receipt Management :: Receipt Management Test Suite                           
==============================================================================
TC002_Generate_Receipt_Only :: Test receipt generation only             
  Traceback (most recent call last):
    ~~~~~~~~~~~~~~~~~~~~~~~~~~~~~~~~~~~~~~~~~~~~~~~~~~~~~~~~~~~~~~~~~~~~~~~~~~
    File  D:\New_automation_\kfic-automation-framework\tests\lms\receipt_management.robot:18
    T:  TC002_Generate_Receipt_Only    
    ~~~~~~~~~~~~~~~~~~~~~~~~~~~~~~~~~~~~~~~~~~~~~~~~~~~~~~~~~~~~~~~~~~~~~~~~~~
    File  D:\New_automation_\kfic-automation-framework\tests\lms\receipt_management.robot:24
      Generate Receipt Only    ${receipt_info}    ${maker_user}
      |  ${receipt_info} = <Unable to define variable value>
      |  ${maker_user} = <Unable to define variable value>
    ~~~~~~~~~~~~~~~~~~~~~~~~~~~~~~~~~~~~~~~~~~~~~~~~~~~~~~~~~~~~~~~~~~~~~~~~~~
    File  D:\New_automation_\kfic-automation-framework\keywords\receipt_workflow.robot:31
      Navigate To Receipt Generation    
    ~~~~~~~~~~~~~~~~~~~~~~~~~~~~~~~~~~~~~~~~~~~~~~~~~~~~~~~~~~~~~~~~~~~~~~~~~~
    File  D:\New_automation_\kfic-automation-framework\pages\receipt_management_page.robot:27
      Wait For Element And Click    ${MENU_BUTTON}
      |  ${MENU_BUTTON} = xpath=//a[@data-original-title="Menu"] (str)
    ~~~~~~~~~~~~~~~~~~~~~~~~~~~~~~~~~~~~~~~~~~~~~~~~~~~~~~~~~~~~~~~~~~~~~~~~~~
    File  D:\New_automation_\kfic-automation-framework\pages\base_page.robot:82
      Run Keyword Unless    ${success}    Fail    Failed to click element ${locator} after ${retry_count} attempts
      |  ${success} = False (bool)
      |  Failed to click element ${locator} after ${retry_count} attempts = Failed to click element xpath=//a[@data-original-title="Menu"] after 3 attempts (str)
    ~~~~~~~~~~~~~~~~~~~~~~~~~~~~~~~~~~~~~~~~~~~~~~~~~~~~~~~~~~~~~~~~~~~~~~~~~~
    File  D:\New_automation_\kfic-automation-framework\pages\base_page.robot:82
      Fail    Failed to click element ${locator} after ${retry_count} attempts
      |  Failed to click element ${locator} after ${retry_count} attempts = Failed to click element xpath=//a[@data-original-title="Menu"] after 3 attempts (str)
______________________________________________________________________________
| FAIL |
Failed to click element xpath=//a[@data-original-title="Menu"] after 3 attempts
------------------------------------------------------------------------------
Receipt Management :: Receipt Management Test Suite                   | FAIL |
1 test, 0 passed, 1 failed
==============================================================================
Output:  D:\New_automation_\kfic-automation-framework\results\run_20260213_163112\pabot_results\1\output-20260213-163114.xml
