==============================================================================
Receipt Management :: Receipt Management Test Suite                           
==============================================================================
TC001_Complete_Receipt_Generation_Workflow :: Test complete receip...   
  Traceback (most recent call last):
    ~~~~~~~~~~~~~~~~~~~~~~~~~~~~~~~~~~~~~~~~~~~~~~~~~~~~~~~~~~~~~~~~~~~~~~~~~~
    File  D:\New_automation_\kfic-automation-framework\tests\lms\receipt_management.robot:10
    T:  TC001_Complete_Receipt_Generation_Workflow    
    ~~~~~~~~~~~~~~~~~~~~~~~~~~~~~~~~~~~~~~~~~~~~~~~~~~~~~~~~~~~~~~~~~~~~~~~~~~
    File  D:\New_automation_\kfic-automation-framework\tests\lms\receipt_management.robot:16
      Complete Receipt Generation Workflow    ${receipt_info}    ${users_data}
      |  ${receipt_info} = <Unable to define variable value>
      |  ${users_data} = <Unable to define variable value>
    ~~~~~~~~~~~~~~~~~~~~~~~~~~~~~~~~~~~~~~~~~~~~~~~~~~~~~~~~~~~~~~~~~~~~~~~~~~
    File  D:\New_automation_\kfic-automation-framework\keywords\receipt_workflow.robot:16
      Fill Receipt Details    ${receipt_data}
      |  ${receipt_data} = {'bookSize': '1', 'noOfBooks': '5', 'startReceiptNo': 'RCP001001', 'bookPrefix': 'BK', 'receiptPrefix': 'RCP'} (dict)
    ~~~~~~~~~~~~~~~~~~~~~~~~~~~~~~~~~~~~~~~~~~~~~~~~~~~~~~~~~~~~~~~~~~~~~~~~~~
    File  D:\New_automation_\kfic-automation-framework\pages\receipt_management_page.robot:37
      Select From Dropdown By Value    ${BOOK_SIZE_SELECT}    ${receipt_data['bookSize']}
      |  ${BOOK_SIZE_SELECT} = id=bookSize (str)
      |  ${receipt_data['bookSize']} = 1 (str)
______________________________________________________________________________
| FAIL |
No keyword with name 'Select From Dropdown By Value' found.
------------------------------------------------------------------------------
Receipt Management :: Receipt Management Test Suite                   | FAIL |
1 test, 0 passed, 1 failed
==============================================================================
Output:  D:\New_automation_\kfic-automation-framework\results\run_20260213_163921\pabot_results\0\output-20260213-163922.xml
