==============================================================================
Receipt Management :: Receipt Management Test Suite                           
==============================================================================
TC002_Generate_Receipt_Only :: Test receipt generation only             
  Traceback (most recent call last):
    ~~~~~~~~~~~~~~~~~~~~~~~~~~~~~~~~~~~~~~~~~~~~~~~~~~~~~~~~~~~~~~~~~~~~~~~~~~
    File  D:\New_automation_\kfic-automation-framework\tests\lms\receipt_management.robot:18
    T:  TC002_Generate_Receipt_Only    
    ~~~~~~~~~~~~~~~~~~~~~~~~~~~~~~~~~~~~~~~~~~~~~~~~~~~~~~~~~~~~~~~~~~~~~~~~~~
    File  D:\New_automation_\kfic-automation-framework\tests\lms\receipt_management.robot:24
      Generate Receipt Only    ${receipt_info}    ${maker_user}
      |  ${receipt_info} = <Unable to define variable value>
      |  ${maker_user} = <Unable to define variable value>
    ~~~~~~~~~~~~~~~~~~~~~~~~~~~~~~~~~~~~~~~~~~~~~~~~~~~~~~~~~~~~~~~~~~~~~~~~~~
    File  D:\New_automation_\kfic-automation-framework\keywords\receipt_workflow.robot:32
      Fill Receipt Details    ${receipt_data}
      |  ${receipt_data} = {'bookSize': '1', 'noOfBooks': '5', 'startReceiptNo': 'RCP001001', 'bookPrefix': 'BK', 'receiptPrefix': 'RCP'} (dict)
    ~~~~~~~~~~~~~~~~~~~~~~~~~~~~~~~~~~~~~~~~~~~~~~~~~~~~~~~~~~~~~~~~~~~~~~~~~~
    File  D:\New_automation_\kfic-automation-framework\pages\receipt_management_page.robot:37
      Select From Dropdown By Value    ${BOOK_SIZE_SELECT}    ${receipt_data['bookSize']}
      |  ${BOOK_SIZE_SELECT} = id=bookSize (str)
      |  ${receipt_data['bookSize']} = 1 (str)
______________________________________________________________________________
| FAIL |
No keyword with name 'Select From Dropdown By Value' found.
------------------------------------------------------------------------------
Receipt Management :: Receipt Management Test Suite                   | FAIL |
1 test, 0 passed, 1 failed
==============================================================================
Output:  D:\New_automation_\kfic-automation-framework\results\run_20260220_175810\pabot_results\1\output-20260220-175811.xml
